Arguments: 
  /usr/local/bin/node /usr/local/Cellar/yarn/1.15.2/libexec/bin/yarn.js add aws-sdk mime-types proxy-agent blue-bird

PATH: 
  /usr/local/opt/go@1.9/bin:/Users/Mona/.rvm/gems/ruby-2.4.0/bin:/Users/Mona/.rvm/gems/ruby-2.4.0@global/bin:/Users/Mona/.rvm/rubies/ruby-2.4.0/bin:/Library/Frameworks/Python.framework/Versions/3.5/bin:/usr/local/bin:/usr/bin:/bin:/usr/sbin:/sbin:/Users/Mona/.rvm/bin

Yarn version: 
  1.15.2

Node version: 
  10.15.3

Platform: 
  darwin x64

Trace: 
  Error: https://registry.yarnpkg.com/blue-bird: Not found
      at Request.params.callback [as _callback] (/usr/local/Cellar/yarn/1.15.2/libexec/lib/cli.js:66058:18)
      at Request.self.callback (/usr/local/Cellar/yarn/1.15.2/libexec/lib/cli.js:129541:22)
      at Request.emit (events.js:189:13)
      at Request.<anonymous> (/usr/local/Cellar/yarn/1.15.2/libexec/lib/cli.js:130513:10)
      at Request.emit (events.js:189:13)
      at IncomingMessage.<anonymous> (/usr/local/Cellar/yarn/1.15.2/libexec/lib/cli.js:130435:12)
      at Object.onceWrapper (events.js:277:13)
      at IncomingMessage.emit (events.js:194:15)
      at endReadableNT (_stream_readable.js:1125:12)
      at process._tickCallback (internal/process/next_tick.js:63:19)

npm manifest: 
  {
    "name": "upload-to-s3",
    "version": "1.0.0",
    "description": "upload static assets to aws s3",
    "main": "index.js",
    "author": "pin.wang@hp.com",
    "license": "hp private",
    "private": null
  }

yarn manifest: 
  No manifest

Lockfile: 
  No lockfile
